<?xml version="1.0" encoding="utf-8"?>
<test-run id="2" testcasecount="29" result="Failed(Child)" total="29" passed="26" failed="3" inconclusive="0" skipped="0" asserts="0" engine-version="3.5.0.0" clr-version="4.0.30319.42000" start-time="2025-12-24 22:08:01Z" end-time="2025-12-24 22:08:01Z" duration="0.3550996">
  <test-suite type="TestSuite" id="1000" name="Project Bastilla" fullname="Project Bastilla" runstate="Runnable" testcasecount="29" result="Failed" site="Child" start-time="2025-12-24 22:08:01Z" end-time="2025-12-24 22:08:01Z" duration="0.355100" total="29" passed="26" failed="3" inconclusive="0" skipped="0" asserts="0">
    <properties>
      <property name="platform" value="EditMode" />
    </properties>
    <failure>
      <message><![CDATA[One or more child tests had errors]]></message>
    </failure>
    <test-suite type="Assembly" id="1040" name="Assembly-CSharp-Editor.dll" fullname="C:/Users/zephy/Project Bastilla/Library/ScriptAssemblies/Assembly-CSharp-Editor.dll" runstate="Runnable" testcasecount="29" result="Failed" site="Child" start-time="2025-12-24 22:08:01Z" end-time="2025-12-24 22:08:01Z" duration="0.345478" total="29" passed="26" failed="3" inconclusive="0" skipped="0" asserts="0">
      <properties>
        <property name="_PID" value="2252" />
        <property name="_APPDOMAIN" value="Unity Child Domain" />
        <property name="platform" value="EditMode" />
        <property name="EditorOnly" value="True" />
      </properties>
      <failure>
        <message><![CDATA[One or more child tests had errors]]></message>
      </failure>
      <test-suite type="TestSuite" id="1041" name="RPGPlatform" fullname="RPGPlatform" runstate="Runnable" testcasecount="29" result="Failed" site="Child" start-time="2025-12-24 22:08:01Z" end-time="2025-12-24 22:08:01Z" duration="0.343740" total="29" passed="26" failed="3" inconclusive="0" skipped="0" asserts="0">
        <properties />
        <failure>
          <message><![CDATA[One or more child tests had errors]]></message>
        </failure>
        <test-suite type="TestSuite" id="1042" name="Tests" fullname="RPGPlatform.Tests" runstate="Runnable" testcasecount="29" result="Failed" site="Child" start-time="2025-12-24 22:08:01Z" end-time="2025-12-24 22:08:01Z" duration="0.342182" total="29" passed="26" failed="3" inconclusive="0" skipped="0" asserts="0">
          <properties />
          <failure>
            <message><![CDATA[One or more child tests had errors]]></message>
          </failure>
          <test-suite type="TestFixture" id="1001" name="CombatantTests" fullname="RPGPlatform.Tests.CombatantTests" classname="RPGPlatform.Tests.CombatantTests" runstate="Runnable" testcasecount="4" result="Passed" start-time="2025-12-24 22:08:01Z" end-time="2025-12-24 22:08:01Z" duration="0.051908" total="4" passed="4" failed="0" inconclusive="0" skipped="0" asserts="0">
            <properties />
            <test-case id="1002" name="Test_DamageAndHealth" fullname="RPGPlatform.Tests.CombatantTests.Test_DamageAndHealth" methodname="Test_DamageAndHealth" classname="RPGPlatform.Tests.CombatantTests" runstate="Runnable" seed="726029875" result="Passed" start-time="2025-12-24 22:08:01Z" end-time="2025-12-24 22:08:01Z" duration="0.030162" asserts="0">
              <properties>
                <property name="retryIteration" value="0" />
                <property name="repeatIteration" value="0" />
              </properties>
              <output><![CDATA[[Combatant]  takes 30 Physical damage. Health: 100 → 70
[Combatant]  takes 80 Energy damage. Health: 70 → 0
[Combatant]  has been defeated!
]]></output>
            </test-case>
            <test-case id="1004" name="Test_DefeatTrigger" fullname="RPGPlatform.Tests.CombatantTests.Test_DefeatTrigger" methodname="Test_DefeatTrigger" classname="RPGPlatform.Tests.CombatantTests" runstate="Runnable" seed="932536843" result="Passed" start-time="2025-12-24 22:08:01Z" end-time="2025-12-24 22:08:01Z" duration="0.001885" asserts="0">
              <properties>
                <property name="retryIteration" value="0" />
                <property name="repeatIteration" value="0" />
              </properties>
              <output><![CDATA[[Combatant]  takes 100 Physical damage. Health: 100 → 0
[Combatant]  has been defeated!
]]></output>
            </test-case>
            <test-case id="1003" name="Test_Healing" fullname="RPGPlatform.Tests.CombatantTests.Test_Healing" methodname="Test_Healing" classname="RPGPlatform.Tests.CombatantTests" runstate="Runnable" seed="1259848549" result="Passed" start-time="2025-12-24 22:08:01Z" end-time="2025-12-24 22:08:01Z" duration="0.001159" asserts="0">
              <properties>
                <property name="retryIteration" value="0" />
                <property name="repeatIteration" value="0" />
              </properties>
              <output><![CDATA[[Combatant]  takes 50 Physical damage. Health: 100 → 50
]]></output>
            </test-case>
            <test-case id="1005" name="Test_InitializationWithData" fullname="RPGPlatform.Tests.CombatantTests.Test_InitializationWithData" methodname="Test_InitializationWithData" classname="RPGPlatform.Tests.CombatantTests" runstate="Runnable" seed="793388439" result="Passed" start-time="2025-12-24 22:08:01Z" end-time="2025-12-24 22:08:01Z" duration="0.000680" asserts="0">
              <properties>
                <property name="retryIteration" value="0" />
                <property name="repeatIteration" value="0" />
              </properties>
            </test-case>
          </test-suite>
          <test-suite type="TestFixture" id="1006" name="CombatMathTests" fullname="RPGPlatform.Tests.CombatMathTests" classname="RPGPlatform.Tests.CombatMathTests" runstate="Runnable" testcasecount="5" result="Passed" start-time="2025-12-24 22:08:01Z" end-time="2025-12-24 22:08:01Z" duration="0.025496" total="5" passed="5" failed="0" inconclusive="0" skipped="0" asserts="0">
            <properties />
            <test-case id="1009" name="Test_CriticalDamage" fullname="RPGPlatform.Tests.CombatMathTests.Test_CriticalDamage" methodname="Test_CriticalDamage" classname="RPGPlatform.Tests.CombatMathTests" runstate="Runnable" seed="32022491" result="Passed" start-time="2025-12-24 22:08:01Z" end-time="2025-12-24 22:08:01Z" duration="0.009177" asserts="0">
              <properties>
                <property name="retryIteration" value="0" />
                <property name="repeatIteration" value="0" />
              </properties>
            </test-case>
            <test-case id="1008" name="Test_DamageCalculation" fullname="RPGPlatform.Tests.CombatMathTests.Test_DamageCalculation" methodname="Test_DamageCalculation" classname="RPGPlatform.Tests.CombatMathTests" runstate="Runnable" seed="886437087" result="Passed" start-time="2025-12-24 22:08:01Z" end-time="2025-12-24 22:08:01Z" duration="0.001546" asserts="0">
              <properties>
                <property name="retryIteration" value="0" />
                <property name="repeatIteration" value="0" />
              </properties>
            </test-case>
            <test-case id="1007" name="Test_ResolveAttack_Hit" fullname="RPGPlatform.Tests.CombatMathTests.Test_ResolveAttack_Hit" methodname="Test_ResolveAttack_Hit" classname="RPGPlatform.Tests.CombatMathTests" runstate="Runnable" seed="1676494918" result="Passed" start-time="2025-12-24 22:08:01Z" end-time="2025-12-24 22:08:01Z" duration="0.002412" asserts="0">
              <properties>
                <property name="retryIteration" value="0" />
                <property name="repeatIteration" value="0" />
              </properties>
            </test-case>
            <test-case id="1010" name="Test_StatusEffect_DamageOverTime" fullname="RPGPlatform.Tests.CombatMathTests.Test_StatusEffect_DamageOverTime" methodname="Test_StatusEffect_DamageOverTime" classname="RPGPlatform.Tests.CombatMathTests" runstate="Runnable" seed="995061538" result="Passed" start-time="2025-12-24 22:08:01Z" end-time="2025-12-24 22:08:01Z" duration="0.006189" asserts="0">
              <properties>
                <property name="retryIteration" value="0" />
                <property name="repeatIteration" value="0" />
              </properties>
              <output><![CDATA[[Effect] Poison applied to 
[Combatant]  takes 5 Physical damage. Health: 50 → 45
[Combatant]  takes 5 Physical damage. Health: 45 → 40
[Effect] Poison removed from 
]]></output>
            </test-case>
            <test-case id="1011" name="Test_StatusEffect_StatBuff" fullname="RPGPlatform.Tests.CombatMathTests.Test_StatusEffect_StatBuff" methodname="Test_StatusEffect_StatBuff" classname="RPGPlatform.Tests.CombatMathTests" runstate="Runnable" seed="839884511" result="Passed" start-time="2025-12-24 22:08:01Z" end-time="2025-12-24 22:08:01Z" duration="0.002861" asserts="0">
              <properties>
                <property name="retryIteration" value="0" />
                <property name="repeatIteration" value="0" />
              </properties>
              <output><![CDATA[[Effect] Haste applied to 
[Effect] Haste removed from 
]]></output>
            </test-case>
          </test-suite>
          <test-suite type="TestFixture" id="1012" name="CombatTests" fullname="RPGPlatform.Tests.CombatTests" classname="RPGPlatform.Tests.CombatTests" runstate="Runnable" testcasecount="2" result="Passed" start-time="2025-12-24 22:08:01Z" end-time="2025-12-24 22:08:01Z" duration="0.024798" total="2" passed="2" failed="0" inconclusive="0" skipped="0" asserts="0">
            <properties />
            <test-case id="1014" name="Test_CombatStateMachine_Flow" fullname="RPGPlatform.Tests.CombatTests.Test_CombatStateMachine_Flow" methodname="Test_CombatStateMachine_Flow" classname="RPGPlatform.Tests.CombatTests" runstate="Runnable" seed="1756590993" result="Passed" start-time="2025-12-24 22:08:01Z" end-time="2025-12-24 22:08:01Z" duration="0.012490" asserts="0">
              <properties>
                <property name="retryIteration" value="0" />
                <property name="repeatIteration" value="0" />
              </properties>
              <output><![CDATA[[TurnManager] Starting Combat...
[TurnManager] No resolver, sorting by raw Dex stat.
[TurnManager] Round 1 Start
[Turn] Hero's turn.
[CombatState] Entering Planning
[Turn] Villain's turn.
]]></output>
            </test-case>
            <test-case id="1013" name="Test_InitiativeOrder" fullname="RPGPlatform.Tests.CombatTests.Test_InitiativeOrder" methodname="Test_InitiativeOrder" classname="RPGPlatform.Tests.CombatTests" runstate="Runnable" seed="2919931" result="Passed" start-time="2025-12-24 22:08:01Z" end-time="2025-12-24 22:08:01Z" duration="0.002500" asserts="0">
              <properties>
                <property name="retryIteration" value="0" />
                <property name="repeatIteration" value="0" />
              </properties>
              <output><![CDATA[[TurnManager] Starting Combat...
[TurnManager] No resolver, sorting by raw Dex stat.
[TurnManager] Round 1 Start
[Turn] Enemy's turn.
]]></output>
            </test-case>
          </test-suite>
          <test-suite type="TestFixture" id="1015" name="CutsceneTests" fullname="RPGPlatform.Tests.CutsceneTests" classname="RPGPlatform.Tests.CutsceneTests" runstate="Runnable" testcasecount="2" result="Passed" start-time="2025-12-24 22:08:01Z" end-time="2025-12-24 22:08:01Z" duration="0.012638" total="2" passed="2" failed="0" inconclusive="0" skipped="0" asserts="0">
            <properties />
            <test-case id="1017" name="Test_Cutscene_LogicBranching" fullname="RPGPlatform.Tests.CutsceneTests.Test_Cutscene_LogicBranching" methodname="Test_Cutscene_LogicBranching" classname="RPGPlatform.Tests.CutsceneTests" runstate="Runnable" seed="736098402" result="Passed" start-time="2025-12-24 22:08:01Z" end-time="2025-12-24 22:08:01Z" duration="0.008129" asserts="0">
              <properties>
                <property name="retryIteration" value="0" />
                <property name="repeatIteration" value="0" />
              </properties>
              <reason>
                <message><![CDATA[Logic executed without exception]]></message>
              </reason>
              <output><![CDATA[[TravelManager] departing for ...
[TravelManager] arrived at 
[SunEaterLogic] Arrived at Vorgossos. Humanity: 0
[SunEaterLogic] Triggering Standard Landing Timeline
]]></output>
            </test-case>
            <test-case id="1016" name="Test_Travel_BasicDiscovery" fullname="RPGPlatform.Tests.CutsceneTests.Test_Travel_BasicDiscovery" methodname="Test_Travel_BasicDiscovery" classname="RPGPlatform.Tests.CutsceneTests" runstate="Runnable" seed="2096383791" result="Passed" start-time="2025-12-24 22:08:01Z" end-time="2025-12-24 22:08:01Z" duration="0.001998" asserts="0">
              <properties>
                <property name="retryIteration" value="0" />
                <property name="repeatIteration" value="0" />
              </properties>
              <output><![CDATA[[TravelManager] departing for Safe Planet...
[TravelManager] arrived at Safe Planet
]]></output>
            </test-case>
          </test-suite>
          <test-suite type="TestFixture" id="1018" name="DemoBootstrapperTests" fullname="RPGPlatform.Tests.DemoBootstrapperTests" classname="RPGPlatform.Tests.DemoBootstrapperTests" runstate="Runnable" testcasecount="3" result="Failed" site="Child" start-time="2025-12-24 22:08:01Z" end-time="2025-12-24 22:08:01Z" duration="0.048864" total="3" passed="1" failed="2" inconclusive="0" skipped="0" asserts="0">
            <properties />
            <failure>
              <message><![CDATA[One or more child tests had errors]]></message>
            </failure>
            <test-case id="1020" name="Test_DialogueToCombatTransition" fullname="RPGPlatform.Tests.DemoBootstrapperTests.Test_DialogueToCombatTransition" methodname="Test_DialogueToCombatTransition" classname="RPGPlatform.Tests.DemoBootstrapperTests" runstate="Runnable" seed="844827071" result="Failed" label="Error" start-time="2025-12-24 22:08:01Z" end-time="2025-12-24 22:08:01Z" duration="0.023629" asserts="0">
              <properties>
                <property name="retryIteration" value="0" />
                <property name="repeatIteration" value="0" />
              </properties>
              <failure>
                <message><![CDATA[System.NullReferenceException : Object reference not set to an instance of an object]]></message>
                <stack-trace><![CDATA[  at RPGPlatform.Systems.Combat.Combatant.GetEffectiveStats () [0x00000] in C:\Users\zephy\Project Bastilla\Assets\AxiomEngine\Systems\Combat\Combatant.cs:239 
  at RPGPlatform.Systems.Combat.Combatant.get_Stats () [0x00000] in C:\Users\zephy\Project Bastilla\Assets\AxiomEngine\Systems\Combat\Combatant.cs:46 
  at RPGPlatform.Systems.Combat.D20CombatResolver.RollInitiative (RPGPlatform.Core.ICombatant combatant) [0x00007] in C:\Users\zephy\Project Bastilla\Assets\AxiomEngine\Systems\Combat\D20CombatResolver.cs:200 
  at RPGPlatform.Systems.Combat.TurnManager.<StartCombat>b__23_1 (RPGPlatform.Core.ICombatant c) [0x00000] in C:\Users\zephy\Project Bastilla\Assets\AxiomEngine\Systems\Combat\TurnManager.cs:56 
  at System.Linq.Enumerable+SelectListIterator`2[TSource,TResult].ToArray () [0x00034] in <6faa6124236442759eb396cfbfdad508>:0 
  at System.Linq.Buffer`1[TElement]..ctor (System.Collections.Generic.IEnumerable`1[T] source) [0x0000a] in <6faa6124236442759eb396cfbfdad508>:0 
  at System.Linq.OrderedEnumerable`1[TElement].ToList () [0x00000] in <6faa6124236442759eb396cfbfdad508>:0 
  at System.Linq.Enumerable.ToList[TSource] (System.Collections.Generic.IEnumerable`1[T] source) [0x0001f] in <6faa6124236442759eb396cfbfdad508>:0 
  at RPGPlatform.Systems.Combat.TurnManager.StartCombat (System.Collections.Generic.List`1[T] combatants) [0x00037] in C:\Users\zephy\Project Bastilla\Assets\AxiomEngine\Systems\Combat\TurnManager.cs:56 
  at RPGPlatform.Systems.Combat.CombatStateMachine.StartCombat (System.Collections.Generic.List`1[T] combatants) [0x0000c] in C:\Users\zephy\Project Bastilla\Assets\AxiomEngine\Systems\Combat\CombatStateMachine.cs:44 
  at RPGPlatform.Systems.Combat.CombatManager.StartCombat (System.Collections.Generic.List`1[T] combatants) [0x00108] in C:\Users\zephy\Project Bastilla\Assets\AxiomEngine\Systems\Combat\CombatManager.cs:180 
  at SunEater.Demo.PlayableDemoBootstrapper.TriggerCombatEncounter () [0x00028] in C:\Users\zephy\Project Bastilla\Assets\AxiomEngine\GameSpecific\SunEater\Scripts\PlayableDemoBootstrapper.cs:104 
  at SunEater.Demo.PlayableDemoBootstrapper.OnDialogueEnded () [0x00017] in C:\Users\zephy\Project Bastilla\Assets\AxiomEngine\GameSpecific\SunEater\Scripts\PlayableDemoBootstrapper.cs:95 
  at RPGPlatform.Tests.DemoBootstrapperTests.Test_DialogueToCombatTransition () [0x00074] in C:\Users\zephy\Project Bastilla\Assets\AxiomEngine\Editor\Tests\DemoBootstrapperTests.cs:121 
  at (wrapper managed-to-native) System.Reflection.RuntimeMethodInfo.InternalInvoke(System.Reflection.RuntimeMethodInfo,object,object[],System.Exception&)
  at System.Reflection.RuntimeMethodInfo.Invoke (System.Object obj, System.Reflection.BindingFlags invokeAttr, System.Reflection.Binder binder, System.Object[] parameters, System.Globalization.CultureInfo culture) [0x0006a] in <1eb9db207454431c84a47bcd81e79c37>:0 ]]></stack-trace>
              </failure>
              <output><![CDATA[[ServiceLocator] Cleared all services
[CombatManager] InitializeSystems Started
[CombatManager] Resolver Created
[CombatManager] Positioning Created
[CombatManager] TurnManager Added: True
[CombatManager] InitializeSystems Completed
[Tests] TurnManagers on root: 1
[ServiceLocator] Registered service: IMoralityService
[ServiceLocator] Registered service: IQuestService
[ServiceLocator] Registered service: IDialogueService
[PlayableDemo] Sun Eater Systems Synchronized.
Test_DialogueToCombatTransition: Starting conversation to set state
[DialogueManager] Starting conversation 'inquisitor_spectacle' with 
[DialogueManager] Node: Test Start (Speaker: )
<color=red><b>INQUISITOR:</b></color> Test Start
Test_DialogueToCombatTransition: Simulating OnDialogueEnded
<color=red>[PlayableDemo]</color> BATTLE JOINED: The Chantry's blade hums with energy.
[CombatManager] Starting combat with 2 combatants
Test_DialogueToCombatTransition: Combat Started Event Fired
[TurnManager] Starting Combat...
]]></output>
            </test-case>
            <test-case id="1021" name="Test_QuestCompletionOnVictory" fullname="RPGPlatform.Tests.DemoBootstrapperTests.Test_QuestCompletionOnVictory" methodname="Test_QuestCompletionOnVictory" classname="RPGPlatform.Tests.DemoBootstrapperTests" runstate="Runnable" seed="811584109" result="Failed" label="Error" start-time="2025-12-24 22:08:01Z" end-time="2025-12-24 22:08:01Z" duration="0.011007" asserts="0">
              <properties>
                <property name="retryIteration" value="0" />
                <property name="repeatIteration" value="0" />
              </properties>
              <failure>
                <message><![CDATA[System.NullReferenceException : Object reference not set to an instance of an object]]></message>
                <stack-trace><![CDATA[  at RPGPlatform.Systems.Combat.Combatant.GetEffectiveStats () [0x00000] in C:\Users\zephy\Project Bastilla\Assets\AxiomEngine\Systems\Combat\Combatant.cs:239 
  at RPGPlatform.Systems.Combat.Combatant.get_Stats () [0x00000] in C:\Users\zephy\Project Bastilla\Assets\AxiomEngine\Systems\Combat\Combatant.cs:46 
  at RPGPlatform.Systems.Combat.D20CombatResolver.RollInitiative (RPGPlatform.Core.ICombatant combatant) [0x00007] in C:\Users\zephy\Project Bastilla\Assets\AxiomEngine\Systems\Combat\D20CombatResolver.cs:200 
  at RPGPlatform.Systems.Combat.TurnManager.<StartCombat>b__23_1 (RPGPlatform.Core.ICombatant c) [0x00000] in C:\Users\zephy\Project Bastilla\Assets\AxiomEngine\Systems\Combat\TurnManager.cs:56 
  at System.Linq.Enumerable+SelectListIterator`2[TSource,TResult].ToArray () [0x00034] in <6faa6124236442759eb396cfbfdad508>:0 
  at System.Linq.Buffer`1[TElement]..ctor (System.Collections.Generic.IEnumerable`1[T] source) [0x0000a] in <6faa6124236442759eb396cfbfdad508>:0 
  at System.Linq.OrderedEnumerable`1[TElement].ToList () [0x00000] in <6faa6124236442759eb396cfbfdad508>:0 
  at System.Linq.Enumerable.ToList[TSource] (System.Collections.Generic.IEnumerable`1[T] source) [0x0001f] in <6faa6124236442759eb396cfbfdad508>:0 
  at RPGPlatform.Systems.Combat.TurnManager.StartCombat (System.Collections.Generic.List`1[T] combatants) [0x00037] in C:\Users\zephy\Project Bastilla\Assets\AxiomEngine\Systems\Combat\TurnManager.cs:56 
  at RPGPlatform.Systems.Combat.CombatStateMachine.StartCombat (System.Collections.Generic.List`1[T] combatants) [0x0000c] in C:\Users\zephy\Project Bastilla\Assets\AxiomEngine\Systems\Combat\CombatStateMachine.cs:44 
  at RPGPlatform.Systems.Combat.CombatManager.StartCombat (System.Collections.Generic.List`1[T] combatants) [0x00108] in C:\Users\zephy\Project Bastilla\Assets\AxiomEngine\Systems\Combat\CombatManager.cs:180 
  at SunEater.Demo.PlayableDemoBootstrapper.TriggerCombatEncounter () [0x00028] in C:\Users\zephy\Project Bastilla\Assets\AxiomEngine\GameSpecific\SunEater\Scripts\PlayableDemoBootstrapper.cs:104 
  at SunEater.Demo.PlayableDemoBootstrapper.OnDialogueEnded () [0x00017] in C:\Users\zephy\Project Bastilla\Assets\AxiomEngine\GameSpecific\SunEater\Scripts\PlayableDemoBootstrapper.cs:95 
  at RPGPlatform.Tests.DemoBootstrapperTests.Test_QuestCompletionOnVictory () [0x00058] in C:\Users\zephy\Project Bastilla\Assets\AxiomEngine\Editor\Tests\DemoBootstrapperTests.cs:139 
  at (wrapper managed-to-native) System.Reflection.RuntimeMethodInfo.InternalInvoke(System.Reflection.RuntimeMethodInfo,object,object[],System.Exception&)
  at System.Reflection.RuntimeMethodInfo.Invoke (System.Object obj, System.Reflection.BindingFlags invokeAttr, System.Reflection.Binder binder, System.Object[] parameters, System.Globalization.CultureInfo culture) [0x0006a] in <1eb9db207454431c84a47bcd81e79c37>:0 ]]></stack-trace>
              </failure>
              <output><![CDATA[[ServiceLocator] Cleared all services
[CombatManager] InitializeSystems Started
[CombatManager] Resolver Created
[CombatManager] Positioning Created
[CombatManager] TurnManager Added: True
[CombatManager] InitializeSystems Completed
[Tests] TurnManagers on root: 1
[ServiceLocator] Registered service: IMoralityService
[ServiceLocator] Registered service: IQuestService
[ServiceLocator] Registered service: IDialogueService
[PlayableDemo] Sun Eater Systems Synchronized.
Test_QuestCompletionOnVictory: Setting up Combat State
[DialogueManager] Starting conversation 'inquisitor_spectacle' with 
[DialogueManager] Node: Test Start (Speaker: )
<color=red><b>INQUISITOR:</b></color> Test Start
<color=red>[PlayableDemo]</color> BATTLE JOINED: The Chantry's blade hums with energy.
[CombatManager] Starting combat with 2 combatants
[TurnManager] Starting Combat...
]]></output>
            </test-case>
            <test-case id="1019" name="Test_SystemInitialization" fullname="RPGPlatform.Tests.DemoBootstrapperTests.Test_SystemInitialization" methodname="Test_SystemInitialization" classname="RPGPlatform.Tests.DemoBootstrapperTests" runstate="Runnable" seed="80090803" result="Passed" start-time="2025-12-24 22:08:01Z" end-time="2025-12-24 22:08:01Z" duration="0.007759" asserts="0">
              <properties>
                <property name="retryIteration" value="0" />
                <property name="repeatIteration" value="0" />
              </properties>
              <output><![CDATA[[ServiceLocator] Cleared all services
[CombatManager] InitializeSystems Started
[CombatManager] Resolver Created
[CombatManager] Positioning Created
[CombatManager] TurnManager Added: True
[CombatManager] InitializeSystems Completed
[Tests] TurnManagers on root: 1
Test_SystemInitialization: Manually calling Initialize on Bootstrapper
[ServiceLocator] Registered service: IMoralityService
[ServiceLocator] Registered service: IQuestService
[ServiceLocator] Registered service: IDialogueService
[PlayableDemo] Sun Eater Systems Synchronized.
Services Registered - Morality: True, Quest: True, Dialogue: True
]]></output>
            </test-case>
          </test-suite>
          <test-suite type="TestFixture" id="1022" name="ProgressionTests" fullname="RPGPlatform.Tests.ProgressionTests" classname="RPGPlatform.Tests.ProgressionTests" runstate="Runnable" testcasecount="2" result="Passed" start-time="2025-12-24 22:08:01Z" end-time="2025-12-24 22:08:01Z" duration="0.015898" total="2" passed="2" failed="0" inconclusive="0" skipped="0" asserts="0">
            <properties />
            <test-case id="1023" name="Test_Leveling_Curve" fullname="RPGPlatform.Tests.ProgressionTests.Test_Leveling_Curve" methodname="Test_Leveling_Curve" classname="RPGPlatform.Tests.ProgressionTests" runstate="Runnable" seed="1658729291" result="Passed" start-time="2025-12-24 22:08:01Z" end-time="2025-12-24 22:08:01Z" duration="0.009519" asserts="0">
              <properties>
                <property name="retryIteration" value="0" />
                <property name="repeatIteration" value="0" />
              </properties>
              <output><![CDATA[[ProgressionManager] Leveled Up! Now Level 2
[ProgressionManager] Leveled Up! Now Level 3
[ProgressionManager] Leveled Up! Now Level 4
[ProgressionManager] Leveled Up! Now Level 5
[ProgressionManager] Leveled Up! Now Level 6
[ProgressionManager] Leveled Up! Now Level 7
[ProgressionManager] Leveled Up! Now Level 8
[ProgressionManager] Leveled Up! Now Level 9
[ProgressionManager] Leveled Up! Now Level 10
[ProgressionManager] Leveled Up! Now Level 11
[ProgressionManager] Tier Changed! initiate -> knight
]]></output>
            </test-case>
            <test-case id="1024" name="Test_SunEater_ItemGeneration" fullname="RPGPlatform.Tests.ProgressionTests.Test_SunEater_ItemGeneration" methodname="Test_SunEater_ItemGeneration" classname="RPGPlatform.Tests.ProgressionTests" runstate="Runnable" seed="173464007" result="Passed" start-time="2025-12-24 22:08:01Z" end-time="2025-12-24 22:08:01Z" duration="0.002823" asserts="0">
              <properties>
                <property name="retryIteration" value="0" />
                <property name="repeatIteration" value="0" />
              </properties>
              <output><![CDATA[[HighMatterSword] Generated 'Unstable' sword for Neural-Link 8. Dmg: 1d6
[HighMatterSword] Generated 'Ascendant' sword for Neural-Link 22. Dmg: 2d8 + 36
]]></output>
            </test-case>
          </test-suite>
          <test-suite type="TestFixture" id="1025" name="QuestTests" fullname="RPGPlatform.Tests.QuestTests" classname="RPGPlatform.Tests.QuestTests" runstate="Runnable" testcasecount="2" result="Passed" start-time="2025-12-24 22:08:01Z" end-time="2025-12-24 22:08:01Z" duration="0.020691" total="2" passed="2" failed="0" inconclusive="0" skipped="0" asserts="0">
            <properties />
            <test-case id="1026" name="Test_QuestCycle_Flow" fullname="RPGPlatform.Tests.QuestTests.Test_QuestCycle_Flow" methodname="Test_QuestCycle_Flow" classname="RPGPlatform.Tests.QuestTests" runstate="Runnable" seed="220189494" result="Passed" start-time="2025-12-24 22:08:01Z" end-time="2025-12-24 22:08:01Z" duration="0.007718" asserts="0">
              <properties>
                <property name="retryIteration" value="0" />
                <property name="repeatIteration" value="0" />
              </properties>
              <output><![CDATA[[QuestManager] Started Quest: q_kill_rats
[QuestManager] Quest q_kill_rats updated to Step 1
[QuestManager] Quest q_kill_rats updated to Step 2
[QuestManager] Completed Quest: q_kill_rats
[QuestManager] Granted 500 XP
]]></output>
            </test-case>
            <test-case id="1027" name="Test_QuestPrerequisites" fullname="RPGPlatform.Tests.QuestTests.Test_QuestPrerequisites" methodname="Test_QuestPrerequisites" classname="RPGPlatform.Tests.QuestTests" runstate="Runnable" seed="1978743229" result="Passed" start-time="2025-12-24 22:08:01Z" end-time="2025-12-24 22:08:01Z" duration="0.005818" asserts="0">
              <properties>
                <property name="retryIteration" value="0" />
                <property name="repeatIteration" value="0" />
              </properties>
              <output><![CDATA[[QuestManager] Cannot accept quest q2: Prerequisites not met.
[QuestManager] Started Quest: q1
[QuestManager] Quest q1 updated to Step 1
[QuestManager] Completed Quest: q1
[QuestManager] Started Quest: q2
[QuestManager] Quest q2 updated to Step 1
]]></output>
            </test-case>
          </test-suite>
          <test-suite type="TestFixture" id="1028" name="SubsystemInDepthTests" fullname="RPGPlatform.Tests.SubsystemInDepthTests" classname="RPGPlatform.Tests.SubsystemInDepthTests" runstate="Runnable" testcasecount="6" result="Passed" start-time="2025-12-24 22:08:01Z" end-time="2025-12-24 22:08:01Z" duration="0.076017" total="6" passed="6" failed="0" inconclusive="0" skipped="0" asserts="0">
            <properties />
            <test-case id="1032" name="Test_Dialogue_Interjections" fullname="RPGPlatform.Tests.SubsystemInDepthTests.Test_Dialogue_Interjections" methodname="Test_Dialogue_Interjections" classname="RPGPlatform.Tests.SubsystemInDepthTests" runstate="Runnable" seed="441841167" result="Passed" start-time="2025-12-24 22:08:01Z" end-time="2025-12-24 22:08:01Z" duration="0.009679" asserts="0">
              <properties>
                <property name="retryIteration" value="0" />
                <property name="repeatIteration" value="0" />
              </properties>
              <output><![CDATA[[DialogueManager] Starting conversation 'interject_convo' with Mock Combatant
[DialogueManager] Node: Hello (Speaker: Mock Combatant)
[DialogueManager] Starting conversation 'interject_convo' with Mock Combatant
[DialogueManager] Auto-Interjection triggering: Interjection
[DialogueManager] Node: You found me! (Speaker: Mock Combatant)
]]></output>
            </test-case>
            <test-case id="1033" name="Test_MoralityState_EventsAndClamping" fullname="RPGPlatform.Tests.SubsystemInDepthTests.Test_MoralityState_EventsAndClamping" methodname="Test_MoralityState_EventsAndClamping" classname="RPGPlatform.Tests.SubsystemInDepthTests" runstate="Runnable" seed="1802944407" result="Passed" start-time="2025-12-24 22:08:01Z" end-time="2025-12-24 22:08:01Z" duration="0.032192" asserts="0">
              <properties>
                <property name="retryIteration" value="0" />
                <property name="repeatIteration" value="0" />
              </properties>
              <output><![CDATA[[MoralityState] light_dark: 50.0 -> 60.0 (delta: 10.0)
[MoralityState] light_dark: 60.0 -> 100.0 (delta: 100.0)
[MoralityState] light_dark: 100.0 -> 0.0 (delta: -200.0)
]]></output>
            </test-case>
            <test-case id="1031" name="Test_Quest_EventsAndRewards" fullname="RPGPlatform.Tests.SubsystemInDepthTests.Test_Quest_EventsAndRewards" methodname="Test_Quest_EventsAndRewards" classname="RPGPlatform.Tests.SubsystemInDepthTests" runstate="Runnable" seed="1723189486" result="Passed" start-time="2025-12-24 22:08:01Z" end-time="2025-12-24 22:08:01Z" duration="0.005423" asserts="0">
              <properties>
                <property name="retryIteration" value="0" />
                <property name="repeatIteration" value="0" />
              </properties>
              <output><![CDATA[[QuestManager] Started Quest: test_quest
[QuestManager] Quest test_quest updated to Step 1
[QuestManager] Completed Quest: test_quest
[QuestManager] Granted 1000 XP
]]></output>
            </test-case>
            <test-case id="1030" name="Test_ResourcePool_SpendAndRegen" fullname="RPGPlatform.Tests.SubsystemInDepthTests.Test_ResourcePool_SpendAndRegen" methodname="Test_ResourcePool_SpendAndRegen" classname="RPGPlatform.Tests.SubsystemInDepthTests" runstate="Runnable" seed="1339217488" result="Passed" start-time="2025-12-24 22:08:01Z" end-time="2025-12-24 22:08:01Z" duration="0.002290" asserts="0">
              <properties>
                <property name="retryIteration" value="0" />
                <property name="repeatIteration" value="0" />
              </properties>
            </test-case>
            <test-case id="1034" name="Test_ServiceLocator_Flow" fullname="RPGPlatform.Tests.SubsystemInDepthTests.Test_ServiceLocator_Flow" methodname="Test_ServiceLocator_Flow" classname="RPGPlatform.Tests.SubsystemInDepthTests" runstate="Runnable" seed="1078634457" result="Passed" start-time="2025-12-24 22:08:01Z" end-time="2025-12-24 22:08:01Z" duration="0.004144" asserts="0">
              <properties>
                <property name="retryIteration" value="0" />
                <property name="repeatIteration" value="0" />
              </properties>
              <output><![CDATA[[ServiceLocator] Cleared all services
[ServiceLocator] Registered service: IMoralityService
[ServiceLocator] Unregistered service: IMoralityService
]]></output>
            </test-case>
            <test-case id="1029" name="Test_StatusEffect_StackingAndDuration" fullname="RPGPlatform.Tests.SubsystemInDepthTests.Test_StatusEffect_StackingAndDuration" methodname="Test_StatusEffect_StackingAndDuration" classname="RPGPlatform.Tests.SubsystemInDepthTests" runstate="Runnable" seed="2055519089" result="Passed" start-time="2025-12-24 22:08:01Z" end-time="2025-12-24 22:08:01Z" duration="0.003533" asserts="0">
              <properties>
                <property name="retryIteration" value="0" />
                <property name="repeatIteration" value="0" />
              </properties>
              <output><![CDATA[[Effect]  applied to 
[Effect] Stack added to  on  (2 stacks)
[Effect]  removed from 
]]></output>
            </test-case>
          </test-suite>
          <test-suite type="TestFixture" id="1035" name="SystemTests" fullname="RPGPlatform.Tests.SystemTests" classname="RPGPlatform.Tests.SystemTests" runstate="Runnable" testcasecount="2" result="Passed" start-time="2025-12-24 22:08:01Z" end-time="2025-12-24 22:08:01Z" duration="0.013197" total="2" passed="2" failed="0" inconclusive="0" skipped="0" asserts="0">
            <properties />
            <test-case id="1037" name="Test_Dialogue_Alignment_Gating" fullname="RPGPlatform.Tests.SystemTests.Test_Dialogue_Alignment_Gating" methodname="Test_Dialogue_Alignment_Gating" classname="RPGPlatform.Tests.SystemTests" runstate="Runnable" seed="1943078466" result="Passed" start-time="2025-12-24 22:08:01Z" end-time="2025-12-24 22:08:01Z" duration="0.003983" asserts="0">
              <properties>
                <property name="retryIteration" value="0" />
                <property name="repeatIteration" value="0" />
              </properties>
              <output><![CDATA[[DialogueManager] Starting conversation 'unit_test_convo' with Mock Combatant
[DialogueManager] Node: Root Node (Speaker: Mock Combatant)
]]></output>
            </test-case>
            <test-case id="1036" name="Test_Morality_Scaling_And_Clamping" fullname="RPGPlatform.Tests.SystemTests.Test_Morality_Scaling_And_Clamping" methodname="Test_Morality_Scaling_And_Clamping" classname="RPGPlatform.Tests.SystemTests" runstate="Runnable" seed="1525544705" result="Passed" start-time="2025-12-24 22:08:01Z" end-time="2025-12-24 22:08:01Z" duration="0.003392" asserts="0">
              <properties>
                <property name="retryIteration" value="0" />
                <property name="repeatIteration" value="0" />
              </properties>
              <output><![CDATA[[MoralityState] humanism: 0.0 -> 50.0 (delta: 50.0)
[MoralityState] humanism: 50.0 -> 100.0 (delta: 100.0)
[MoralityState] humanism: 100.0 -> -100.0 (delta: -250.0)
]]></output>
            </test-case>
          </test-suite>
          <test-suite type="TestFixture" id="1038" name="TAVTests" fullname="RPGPlatform.Tests.TAVTests" classname="RPGPlatform.Tests.TAVTests" runstate="Runnable" testcasecount="1" result="Failed" site="Child" start-time="2025-12-24 22:08:01Z" end-time="2025-12-24 22:08:01Z" duration="0.046391" total="1" passed="0" failed="1" inconclusive="0" skipped="0" asserts="0">
            <properties />
            <failure>
              <message><![CDATA[One or more child tests had errors]]></message>
            </failure>
            <test-case id="1039" name="Test_VorgossosIncursion_PureLogic" fullname="RPGPlatform.Tests.TAVTests.Test_VorgossosIncursion_PureLogic" methodname="Test_VorgossosIncursion_PureLogic" classname="RPGPlatform.Tests.TAVTests" runstate="Runnable" seed="599640398" result="Failed" start-time="2025-12-24 22:08:01Z" end-time="2025-12-24 22:08:01Z" duration="0.041337" asserts="0">
              <properties>
                <property name="retryIteration" value="0" />
                <property name="repeatIteration" value="0" />
              </properties>
              <failure>
                <message><![CDATA[Unhandled log message: '[Error] [DialogueManager] Conversation not found: inquisitor_spectacle'. Use UnityEngine.TestTools.LogAssert.Expect]]></message>
                <stack-trace><![CDATA[RPGPlatform.Systems.Dialogue.DialogueManager:StartConversation (string,RPGPlatform.Core.ICombatant,RPGPlatform.Core.ICombatant) (at Assets/AxiomEngine/Systems/Dialogue/DialogueManager.cs:62)
RPGPlatform.Editor.TAV.AxiomShell:Execute (string) (at Assets/AxiomEngine/Editor/TAV/AxiomShell.cs:117)
RPGPlatform.Editor.TAV.VorgossosScenario:Run () (at Assets/AxiomEngine/Editor/TAV/VorgossosScenario.cs:29)
RPGPlatform.Tests.TAVTests:Test_VorgossosIncursion_PureLogic () (at Assets/AxiomEngine/Editor/Tests/TAVTests.cs:32)
System.Reflection.MethodBase:Invoke (object,object[])
NUnit.Framework.Internal.Reflect:InvokeMethod (System.Reflection.MethodInfo,object,object[])
NUnit.Framework.Internal.MethodWrapper:Invoke (object,object[])
NUnit.Framework.Internal.Commands.TestMethodCommand:RunNonAsyncTestMethod (NUnit.Framework.Internal.ITestExecutionContext)
NUnit.Framework.Internal.Commands.TestMethodCommand:RunTestMethod (NUnit.Framework.Internal.ITestExecutionContext)
NUnit.Framework.Internal.Commands.TestMethodCommand:Execute (NUnit.Framework.Internal.ITestExecutionContext)
UnityEditor.EditorApplication:Internal_CallUpdateFunctions ()

]]></stack-trace>
              </failure>
              <output><![CDATA[[CombatManager] InitializeSystems Started
[CombatManager] Resolver Created
[CombatManager] Positioning Created
[CombatManager] TurnManager Added: True
[CombatManager] InitializeSystems Completed
[ServiceLocator] Registered service: IMoralityService
[ServiceLocator] Registered service: IQuestService
[ServiceLocator] Registered service: IDialogueService
[AxiomShell] Text Adventure Verification Harness Initialized.
--- STARTING TAV SCENARIO: VORGOSSOS INCURSION ---
[CombatManager] InitializeSystems Started
[CombatManager] Resolver Created
[CombatManager] Positioning Created
[CombatManager] TurnManager Added: True
[CombatManager] InitializeSystems Completed
[ServiceLocator] Service IMoralityService is already registered. Overwriting.
[ServiceLocator] Registered service: IMoralityService
[ServiceLocator] Service IQuestService is already registered. Overwriting.
[ServiceLocator] Registered service: IQuestService
[ServiceLocator] Service IDialogueService is already registered. Overwriting.
[ServiceLocator] Registered service: IDialogueService
[AxiomShell] Text Adventure Verification Harness Initialized.
[Step 1] Initializing Inquisitor Dialogue...
[DialogueManager] Conversation not found: inquisitor_spectacle
[Step 2] Selecting Aggressive Response (Index 1)...
[DialogueManager] Conversation Ended
[TAV] DIALOGUE ENDED
[Step 3] FAILURE: Combat state not engaged after selection.
[TAV] Morality (Humanism): 50
--- TAV SCENARIO COMPLETED ---
Saving results to: C:/Users/zephy/AppData/LocalLow/DefaultCompany/Project Bastilla\TestResults.xml
]]></output>
            </test-case>
          </test-suite>
        </test-suite>
      </test-suite>
    </test-suite>
  </test-suite>
</test-run>